====
Starting job 2989346 at Wed 24 Feb 16:56:36 GMT 2021 for user dc-park1.
Running on nodes: b110
====
SLURM_CHECKPOINT_IMAGE_DIR=/var/slurm/checkpoint
SLURM_CLUSTER_NAME=cosma7
SLURM_CPUS_ON_NODE=32
SLURM_GTIDS=0
SLURM_JOB_ACCOUNT=do008
SLURM_JOB_CPUS_PER_NODE=32
SLURM_JOB_GID=20242
SLURM_JOB_ID=2989346
SLURM_JOBID=2989346
SLURM_JOB_NAME=gcc_7.3.sbatch
SLURM_JOB_NODELIST=b110
SLURM_JOB_NUM_NODES=1
SLURM_JOB_PARTITION=bluefield1
SLURM_JOB_QOS=normal
SLURM_JOB_UID=21557
SLURM_JOB_USER=dc-park1
SLURM_LOCALID=0
SLURM_MEM_PER_NODE=500000
SLURM_NNODES=1
SLURM_NODE_ALIASES=(null)
SLURM_NODEID=0
SLURM_NODELIST=b110
SLURM_NPROCS=32
SLURM_NTASKS=32
SLURM_PRIO_PROCESS=0
SLURM_PROCID=0
SLURM_SUBMIT_DIR=/cosma/home/do008/dc-park1/BOUT-dev/examples/performance/iterator
SLURM_SUBMIT_HOST=login5a.pri.cosma7.alces.network
SLURM_TASK_PID=31307
SLURM_TASKS_PER_NODE=32
SLURM_TOPOLOGY_ADDR=b110
SLURM_TOPOLOGY_ADDR_PATTERN=node
SLURM_WORKING_CLUSTER=cosma7:infra02:6817:8192
mpirun --mca btl_tcp_if_include p1p2 -x UCX_NET_DEVICES=mlx5_1:1

------------------------------------------------
Case legend
------------------------------------------------
       Case 0.	C loop
       Case 1.	Nested loop
       Case 2.	C loop repeat
       Case 3.	Region (serial)

      Nprocs	    Nthreads	   Num_loops	  Local grid	 Nx (global)	 Ny (global)	 Nz (global)	       Case 0	       Case 1	       Case 2	       Case 3	
           1	           0	       10000	          96	           4	           6	           4	  3.0387e-08	 1.38999e-07	 3.04601e-08	 9.47948e-08	
           1	           0	       10000	         640	           8	          10	           8	 2.11718e-07	  6.4009e-07	 2.09973e-07	 2.67501e-07	
           1	           0	       10000	        4608	          16	          18	          16	  1.5399e-06	 2.64893e-06	 1.54786e-06	 1.70471e-06	
           1	           0	       10000	       34816	          32	          34	          32	 1.18193e-05	  1.6739e-05	 1.15671e-05	 1.25984e-05	
           1	           0	       10000	      270336	          64	          66	          64	 9.44749e-05	 0.000122126	 9.48534e-05	 0.000119662	
           1	           0	       10000	     2129920	         128	         130	         128	  0.00192332	  0.00193686	  0.00192374	  0.00197406	

------------------------------------------------
Case legend
------------------------------------------------
       Case 0.	C loop
       Case 1.	Nested loop
       Case 2.	C loop repeat
       Case 3.	Region (serial)

      Nprocs	    Nthreads	   Num_loops	  Local grid	 Nx (global)	 Ny (global)	 Nz (global)	       Case 0	       Case 1	       Case 2	       Case 3	
           1	           0	       10000	     1020000	         100	         102	         100	 0.000877441	 0.000871227	 0.000877658	 0.000902122	
           2	           0	       10000	     1115136	         132	         130	         128	  0.00180968	  0.00180452	  0.00181165	  0.00172103	
           4	           0	       10000	      566016	         132	         130	         128	  0.00087056	 0.000865452	 0.000865839	 0.000605769	
           8	           0	       10000	      291584	         132	         130	         128	  0.00011739	 0.000119675	 0.000117174	 0.000127179	
          16	           0	       10000	      154368	         132	         130	         128	 6.08051e-05	 6.43663e-05	 6.10002e-05	 7.53662e-05	
          32	           0	       10000	       85760	         132	         130	         128	 3.41896e-05	 3.36724e-05	 3.22353e-05	 3.52945e-05	
