====
Starting job 2989705 at Wed 24 Feb 18:16:46 GMT 2021 for user dc-park1.
Running on nodes: b108
====
mpirun --mca btl_tcp_if_include p1p2 -x UCX_NET_DEVICES=mlx5_1:1

------------------------------------------------
Case legend
------------------------------------------------
       Case 0.	C loop
       Case 1.	Nested loop
       Case 2.	C loop repeat
       Case 3.	Region (serial)

      Nprocs	    Nthreads	   Num_loops	  Local grid	 Nx (global)	 Ny (global)	 Nz (global)	       Case 0	       Case 1	       Case 2	       Case 3	
           1	           0	       10000	          96	           4	           6	           4	  3.0379e-08	 1.34317e-07	 3.17706e-08	  9.3197e-08	
           1	           0	       10000	         640	           8	          10	           8	 2.09015e-07	 6.31743e-07	 2.10529e-07	 2.54575e-07	
           1	           0	       10000	        4608	          16	          18	          16	 1.55057e-06	 3.11165e-06	 1.54195e-06	 1.89589e-06	
           1	           0	       10000	       34816	          32	          34	          32	 1.16718e-05	 1.63139e-05	 1.14788e-05	 1.22707e-05	
           1	           0	       10000	      270336	          64	          66	          64	 9.29213e-05	 0.000106868	 9.33489e-05	 0.000106375	
           1	           0	       10000	     2129920	         128	         130	         128	   0.0018857	  0.00191029	  0.00188822	  0.00196239	

------------------------------------------------
Case legend
------------------------------------------------
       Case 0.	C loop
       Case 1.	Nested loop
       Case 2.	C loop repeat
       Case 3.	Region (serial)

      Nprocs	    Nthreads	   Num_loops	  Local grid	 Nx (global)	 Ny (global)	 Nz (global)	       Case 0	       Case 1	       Case 2	       Case 3	
           1	           0	       10000	     2196480	         132	         130	         128	  0.00201431	  0.00201116	  0.00201586	  0.00207432	
           2	           0	       10000	     1115136	         132	         130	         128	  0.00178347	  0.00177864	  0.00178571	  0.00174398	
           4	           0	       10000	      566016	         132	         130	         128	   0.0002366	 0.000241506	 0.000237452	 0.000272345	
           8	           0	       10000	      291584	         132	         130	         128	 0.000112794	 0.000116094	 0.000110701	 0.000128253	
          16	           0	       10000	      154368	         132	         130	         128	 6.49825e-05	 6.70823e-05	 6.30235e-05	 6.77412e-05	
          32	           0	       10000	       85760	         132	         130	         128	 3.58594e-05	  3.6487e-05	 3.40609e-05	 4.03788e-05	
