
------------------------------------------------
Case legend
------------------------------------------------
       Case 0.	C loop
       Case 1.	Nested loop
       Case 2.	C loop repeat
       Case 3.	Region (serial)

      Nprocs	    Nthreads	   Num_loops	  Local grid	 Nx (global)	 Ny (global)	 Nz (global)	       Case 0	       Case 1	       Case 2	       Case 3	
           1	           0	       10000	          96	           4	           6	           4	 3.07587e-08	 1.34055e-07	 3.04812e-08	 9.02925e-08	
           1	           0	       10000	         640	           8	          10	           8	 2.07289e-07	 6.30082e-07	 2.07321e-07	 2.52354e-07	
           1	           0	       10000	        4608	          16	          18	          16	 1.54463e-06	 3.11077e-06	  1.5325e-06	 1.89249e-06	
           1	           0	       10000	       34816	          32	          34	          32	 1.14025e-05	 1.62553e-05	  1.1683e-05	 1.31059e-05	
           1	           0	       10000	      270336	          64	          66	          64	 9.68805e-05	 0.000113452	 9.77561e-05	 0.000112352	
           1	           0	       10000	     2129920	         128	         130	         128	  0.00188913	   0.0019118	  0.00188999	   0.0019685	

------------------------------------------------
Case legend
------------------------------------------------
       Case 0.	C loop
       Case 1.	Nested loop
       Case 2.	C loop repeat
       Case 3.	Region (serial)

      Nprocs	    Nthreads	   Num_loops	  Local grid	 Nx (global)	 Ny (global)	 Nz (global)	       Case 0	       Case 1	       Case 2	       Case 3	
           1	           0	       10000	     1020000	         100	         102	         100	 0.000865218	 0.000859671	 0.000865701	 0.000896486	
           2	           0	       10000	     1115136	         132	         130	         128	   0.0017844	  0.00177425	  0.00178607	  0.00175476	
           4	           0	       10000	      566016	         132	         130	         128	 0.000783723	 0.000821541	 0.000783753	 0.000840867	
           8	           0	       10000	      291584	         132	         130	         128	 0.000115513	 0.000118029	  0.00011582	 0.000125936	
          16	           0	       10000	      154368	         132	         130	         128	 6.45395e-05	 6.76525e-05	 6.37069e-05	 7.46395e-05	
          32	           0	       10000	       85760	         132	         130	         128	  3.2999e-05	 3.58755e-05	 3.32393e-05	 4.19962e-05	
