====
Starting job 2989748 at Wed 24 Feb 18:29:38 GMT 2021 for user dc-park1.
Running on nodes: b108
====
mpirun --mca btl_tcp_if_include p1p2 -x UCX_NET_DEVICES=mlx5_1:1

------------------------------------------------
Case legend
------------------------------------------------
       Case 0.	C loop
       Case 1.	Nested loop
       Case 2.	C loop repeat
       Case 3.	Region (serial)

      Nprocs	    Nthreads	   Num_loops	  Local grid	 Nx (global)	 Ny (global)	 Nz (global)	       Case 0	       Case 1	       Case 2	       Case 3	
           1	           0	       10000	          96	           4	           6	           4	  3.0377e-08	  1.3562e-07	 3.04511e-08	 9.08686e-08	
           1	           0	       10000	         640	           8	          10	           8	 2.06591e-07	 6.26879e-07	 2.07516e-07	 2.58369e-07	
           1	           0	       10000	        4608	          16	          18	          16	 1.57649e-06	 2.70154e-06	 1.58577e-06	 1.71816e-06	
           1	           0	       10000	       34816	          32	          34	          32	 1.17305e-05	  1.6148e-05	 1.15136e-05	 1.25338e-05	
           1	           0	       10000	      270336	          64	          66	          64	 9.56986e-05	 0.000127842	 9.59824e-05	 0.000125651	
           1	           0	       10000	     2129920	         128	         130	         128	  0.00189479	  0.00191172	   0.0018959	  0.00194656	

------------------------------------------------
Case legend
------------------------------------------------
       Case 0.	C loop
       Case 1.	Nested loop
       Case 2.	C loop repeat
       Case 3.	Region (serial)

      Nprocs	    Nthreads	   Num_loops	  Local grid	 Nx (global)	 Ny (global)	 Nz (global)	       Case 0	       Case 1	       Case 2	       Case 3	
           1	           0	       10000	     2196480	         132	         130	         128	  0.00200935	  0.00202733	  0.00201124	  0.00208212	
           2	           0	       10000	     1115136	         132	         130	         128	  0.00177678	  0.00176555	  0.00177926	  0.00175554	
           4	           0	       10000	      566016	         132	         130	         128	 0.000784907	 0.000811126	  0.00078527	  0.00084518	
           8	           0	       10000	      291584	         132	         130	         128	  0.00012843	 0.000131912	 0.000128316	 0.000140404	
          16	           0	       10000	      154368	         132	         130	         128	 6.08088e-05	 6.36897e-05	 6.00206e-05	 7.54045e-05	
          32	           0	       10000	       85760	         132	         130	         128	 3.61953e-05	 3.43742e-05	 3.10683e-05	 3.53562e-05	
