====
Starting job 2989716 at Wed 24 Feb 18:22:25 GMT 2021 for user dc-park1.
Running on nodes: b108
====
mpirun --mca btl_tcp_if_include p1p2 -x UCX_NET_DEVICES=mlx5_1:1

------------------------------------------------
Case legend
------------------------------------------------
       Case 0.	C loop
       Case 1.	Nested loop
       Case 2.	C loop repeat
       Case 3.	Region (serial)

      Nprocs	    Nthreads	   Num_loops	  Local grid	 Nx (global)	 Ny (global)	 Nz (global)	       Case 0	       Case 1	       Case 2	       Case 3	
           1	           0	       10000	          96	           4	           6	           4	 3.10002e-08	 1.34084e-07	 3.04482e-08	 8.56428e-08	
           1	           0	       10000	         640	           8	          10	           8	 2.07137e-07	 6.30968e-07	 2.07029e-07	  2.5528e-07	
           1	           0	       10000	        4608	          16	          18	          16	 1.54855e-06	 3.16276e-06	 1.54411e-06	 1.90093e-06	
           1	           0	       10000	       34816	          32	          34	          32	  1.1525e-05	 1.51799e-05	 1.16338e-05	 1.26206e-05	
           1	           0	       10000	      270336	          64	          66	          64	 9.45833e-05	 0.000112925	  9.4849e-05	 0.000112098	
           1	           0	       10000	     2129920	         128	         130	         128	  0.00190279	  0.00192024	  0.00190417	  0.00195463	

------------------------------------------------
Case legend
------------------------------------------------
       Case 0.	C loop
       Case 1.	Nested loop
       Case 2.	C loop repeat
       Case 3.	Region (serial)

      Nprocs	    Nthreads	   Num_loops	  Local grid	 Nx (global)	 Ny (global)	 Nz (global)	       Case 0	       Case 1	       Case 2	       Case 3	
           1	           0	       10000	     2196480	         132	         130	         128	  0.00200125	   0.0020047	  0.00200234	  0.00206124	
           2	           0	       10000	     1115136	         132	         130	         128	  0.00177987	  0.00176668	  0.00178107	   0.0017542	
           4	           0	       10000	      566016	         132	         130	         128	 0.000767405	 0.000793559	 0.000768591	 0.000829914	
           8	           0	       10000	      291584	         132	         130	         128	 0.000131042	 0.000139072	 0.000128063	 0.000161641	
          16	           0	       10000	      154368	         132	         130	         128	 5.67578e-05	 6.11824e-05	 5.67953e-05	 7.29027e-05	
          32	           0	       10000	       85760	         132	         130	         128	 3.52801e-05	 3.68845e-05	 3.54352e-05	  3.7933e-05	
