====
Starting job 2990378 at Wed 24 Feb 21:56:00 GMT 2021 for user dc-park1.
Running on nodes: b110
====
mpirun --mca btl_tcp_if_include p1p2 -x UCX_NET_DEVICES=mlx5_1:1

------------------------------------------------
Case legend
------------------------------------------------
       Case 0.	C loop
       Case 1.	Nested loop
       Case 2.	C loop repeat
       Case 3.	Region (serial)

      Nprocs	    Nthreads	   Num_loops	  Local grid	 Nx (global)	 Ny (global)	 Nz (global)	       Case 0	       Case 1	       Case 2	       Case 3	
           1	           0	       10000	          96	           4	           6	           4	 4.42279e-08	 1.13784e-07	 4.41658e-08	 8.58529e-08	
           1	           0	       10000	         640	           8	          10	           8	 2.74447e-07	 4.83416e-07	 2.93617e-07	 3.30302e-07	
           1	           0	       10000	        4608	          16	          18	          16	 2.04596e-06	 2.59131e-06	 2.02231e-06	 2.08003e-06	
           1	           0	       10000	       34816	          32	          34	          32	 1.60241e-05	 1.60921e-05	 1.57856e-05	 1.65353e-05	
           1	           0	       10000	      270336	          64	          66	          64	 0.000232998	 0.000224373	 0.000231906	 0.000226438	
           1	           0	       10000	     2129920	         128	         130	         128	   0.0018793	  0.00187596	  0.00187056	  0.00192537	

------------------------------------------------
Case legend
------------------------------------------------
       Case 0.	C loop
       Case 1.	Nested loop
       Case 2.	C loop repeat
       Case 3.	Region (serial)

      Nprocs	    Nthreads	   Num_loops	  Local grid	 Nx (global)	 Ny (global)	 Nz (global)	       Case 0	       Case 1	       Case 2	       Case 3	
           1	           0	       10000	     2196480	         132	         130	         128	  0.00202234	  0.00201723	  0.00201854	   0.0020395	
           2	           0	       10000	     1115136	         132	         130	         128	   0.0017673	  0.00176827	  0.00176288	  0.00176581	
           4	           0	       10000	      566016	         132	         130	         128	 0.000274832	  0.00027905	 0.000274168	 0.000284165	
           8	           0	       10000	      291584	         132	         130	         128	 0.000153525	 0.000156172	   0.0001535	 0.000159381	
          16	           0	       10000	      154368	         132	         130	         128	 7.00657e-05	 7.08256e-05	 7.12278e-05	 7.08704e-05	
          32	           0	       10000	       85760	         132	         130	         128	 3.82892e-05	 3.86034e-05	 3.85807e-05	 3.85245e-05	
