====
Starting job 2990371 at Wed 24 Feb 21:23:06 GMT 2021 for user dc-park1.
Running on nodes: b110
====
mpirun --mca btl_tcp_if_include p1p2 -x UCX_NET_DEVICES=mlx5_1:1

------------------------------------------------
Case legend
------------------------------------------------
       Case 0.	C loop
       Case 1.	Nested loop
       Case 2.	C loop repeat
       Case 3.	Region (serial)

      Nprocs	    Nthreads	   Num_loops	  Local grid	 Nx (global)	 Ny (global)	 Nz (global)	       Case 0	       Case 1	       Case 2	       Case 3	
           1	           0	       10000	          96	           4	           6	           4	 4.11301e-08	 1.17456e-07	 4.37229e-08	 9.20055e-08	
           1	           0	       10000	         640	           8	          10	           8	   2.915e-07	 4.94882e-07	 2.91665e-07	 3.43974e-07	
           1	           0	       10000	        4608	          16	          18	          16	 2.03476e-06	 2.62693e-06	  2.0684e-06	 2.10555e-06	
           1	           0	       10000	       34816	          32	          34	          32	 1.60991e-05	 1.64209e-05	 1.61114e-05	 1.66932e-05	
           1	           0	       10000	      270336	          64	          66	          64	 0.000252457	 0.000245949	 0.000250949	 0.000246019	
           1	           0	       10000	     2129920	         128	         130	         128	   0.0018774	  0.00187864	  0.00186786	  0.00191757	

------------------------------------------------
Case legend
------------------------------------------------
       Case 0.	C loop
       Case 1.	Nested loop
       Case 2.	C loop repeat
       Case 3.	Region (serial)

      Nprocs	    Nthreads	   Num_loops	  Local grid	 Nx (global)	 Ny (global)	 Nz (global)	       Case 0	       Case 1	       Case 2	       Case 3	
           1	           0	       10000	     2196480	         132	         130	         128	  0.00199979	  0.00199867	  0.00199657	  0.00205436	
           2	           0	       10000	     1115136	         132	         130	         128	  0.00175383	  0.00176119	  0.00175108	   0.0017874	
           4	           0	       10000	      566016	         132	         130	         128	 0.000265587	 0.000268387	 0.000266017	 0.000271124	
           8	           0	       10000	      291584	         132	         130	         128	 0.000151521	  0.00015393	 0.000152011	 0.000156312	
          16	           0	       10000	      154368	         132	         130	         128	 7.22071e-05	 7.26626e-05	 7.29121e-05	 7.32966e-05	
          32	           0	       10000	       85760	         132	         130	         128	 4.73896e-05	 3.92217e-05	  3.8724e-05	 3.92756e-05	
