====
Starting job 2990366 at Wed 24 Feb 21:14:14 GMT 2021 for user dc-park1.
Running on nodes: b110
====
mpirun --mca btl_tcp_if_include p1p2 -x UCX_NET_DEVICES=mlx5_1:1

------------------------------------------------
Case legend
------------------------------------------------
       Case 0.	C loop
       Case 1.	Nested loop
       Case 2.	C loop repeat
       Case 3.	Region (serial)

      Nprocs	    Nthreads	   Num_loops	  Local grid	 Nx (global)	 Ny (global)	 Nz (global)	       Case 0	       Case 1	       Case 2	       Case 3	
           1	           0	       10000	          96	           4	           6	           4	 4.05861e-08	  1.1336e-07	 4.89378e-08	 9.15577e-08	
           1	           0	       10000	         640	           8	          10	           8	 2.84005e-07	 4.91801e-07	 3.00763e-07	 3.43425e-07	
           1	           0	       10000	        4608	          16	          18	          16	  1.9952e-06	 2.57786e-06	 2.02077e-06	 2.13466e-06	
           1	           0	       10000	       34816	          32	          34	          32	 1.63277e-05	 1.64537e-05	 1.61066e-05	  1.6347e-05	
           1	           0	       10000	      270336	          64	          66	          64	 0.000222461	 0.000242898	 0.000220538	 0.000236005	
           1	           0	       10000	     2129920	         128	         130	         128	  0.00187008	  0.00187156	  0.00186037	  0.00190914	

------------------------------------------------
Case legend
------------------------------------------------
       Case 0.	C loop
       Case 1.	Nested loop
       Case 2.	C loop repeat
       Case 3.	Region (serial)

      Nprocs	    Nthreads	   Num_loops	  Local grid	 Nx (global)	 Ny (global)	 Nz (global)	       Case 0	       Case 1	       Case 2	       Case 3	
           1	           0	       10000	     2196480	         132	         130	         128	  0.00202265	  0.00202142	  0.00201792	  0.00204551	
           2	           0	       10000	     1115136	         132	         130	         128	  0.00175577	  0.00175474	  0.00174965	  0.00177555	
           4	           0	       10000	      566016	         132	         130	         128	 0.000256358	 0.000258965	 0.000256474	 0.000266393	
           8	           0	       10000	      291584	         132	         130	         128	 0.000130833	 0.000133044	 0.000130909	 0.000131549	
          16	           0	       10000	      154368	         132	         130	         128	 7.20672e-05	 7.28321e-05	 7.26246e-05	 7.18487e-05	
          32	           0	       10000	       85760	         132	         130	         128	 3.92283e-05	 3.89283e-05	 3.89605e-05	 3.93289e-05	
