====
Starting job 2991164 at Thu 25 Feb 13:37:15 GMT 2021 for user dc-park1.
Running on nodes: b102
====
mpiexec

------------------------------------------------
Case legend
------------------------------------------------
       Case 0.	C loop
       Case 1.	Nested loop
       Case 2.	C loop repeat
       Case 3.	Region (serial)

      Nprocs	    Nthreads	   Num_loops	  Local grid	 Nx (global)	 Ny (global)	 Nz (global)	       Case 0	       Case 1	       Case 2	       Case 3	
           1	           0	       10000	          96	           4	           6	           4	 2.18871e-08	 5.21742e-07	 2.18691e-08	 5.53974e-07	
           1	           0	       10000	         640	           8	          10	           8	 1.45684e-07	  3.1261e-06	 1.45431e-07	 3.11162e-06	
           1	           0	       10000	        4608	          16	          18	          16	 1.14319e-06	 2.44117e-05	 1.13849e-06	 2.19311e-05	
           1	           0	       10000	       34816	          32	          34	          32	 9.27531e-06	 0.000173112	 9.21095e-06	 0.000165187	
           1	           0	       10000	      270336	          64	          66	          64	 8.96256e-05	  0.00129713	 9.05167e-05	  0.00128335	
           1	           0	       10000	     2129920	         128	         130	         128	  0.00186634	  0.00999989	  0.00184696	   0.0100877	

------------------------------------------------
Case legend
------------------------------------------------
       Case 0.	C loop
       Case 1.	Nested loop
       Case 2.	C loop repeat
       Case 3.	Region (serial)

      Nprocs	    Nthreads	   Num_loops	  Local grid	 Nx (global)	 Ny (global)	 Nz (global)	       Case 0	       Case 1	       Case 2	       Case 3	
           1	           0	       10000	     2196480	         132	         130	         128	  0.00200029	   0.0102953	  0.00200018	   0.0103999	
           2	           0	       10000	     1115136	         132	         130	         128	  0.00104086	  0.00529698	  0.00104158	  0.00530199	
           4	           0	       10000	      566016	         132	         130	         128	 0.000192538	  0.00267144	 0.000192922	  0.00269896	
           8	           0	       10000	      291584	         132	         130	         128	 9.00269e-05	  0.00137303	 9.01829e-05	  0.00138955	
          16	           0	       10000	      154368	         132	         130	         128	 5.50473e-05	 0.000735172	 5.49519e-05	 0.000735811	
          32	           0	       10000	       85760	         132	         130	         128	 2.79245e-05	 0.000404774	 2.79074e-05	  0.00040694	
