====
Starting job 2991941 at Fri 26 Feb 10:02:21 GMT 2021 for user dc-park1.
Running on nodes: b102
====
mpiexec

------------------------------------------------
Case legend
------------------------------------------------
       Case 0.	C loop
       Case 1.	Nested loop
       Case 2.	C loop repeat
       Case 3.	Region (serial)

      Nprocs	    Nthreads	   Num_loops	  Local grid	 Nx (global)	 Ny (global)	 Nz (global)	       Case 0	       Case 1	       Case 2	       Case 3	
           1	           0	       10000	          96	           4	           6	           4	 2.19042e-08	 5.23799e-07	 2.18721e-08	 5.51861e-07	
           1	           0	       10000	         640	           8	          10	           8	 1.45229e-07	 3.16353e-06	 1.45905e-07	 3.11873e-06	
           1	           0	       10000	        4608	          16	          18	          16	 1.14057e-06	  2.4448e-05	 1.13843e-06	 2.20035e-05	
           1	           0	       10000	       34816	          32	          34	          32	 9.24267e-06	 0.000174317	 9.16427e-06	 0.000166037	
           1	           0	       10000	      270336	          64	          66	          64	 7.97645e-05	  0.00129867	 7.93663e-05	  0.00128658	
           1	           0	       10000	     2129920	         128	         130	         128	  0.00185968	   0.0100329	  0.00185207	   0.0101259	

------------------------------------------------
Case legend
------------------------------------------------
       Case 0.	C loop
       Case 1.	Nested loop
       Case 2.	C loop repeat
       Case 3.	Region (serial)

      Nprocs	    Nthreads	   Num_loops	  Local grid	 Nx (global)	 Ny (global)	 Nz (global)	       Case 0	       Case 1	       Case 2	       Case 3	
           1	           0	       10000	     2196480	         132	         130	         128	  0.00201113	   0.0103068	  0.00200404	   0.0104337	
           2	           0	       10000	     1115136	         132	         130	         128	  0.00104127	  0.00530739	  0.00104437	  0.00530071	
           4	           0	       10000	      566016	         132	         130	         128	 0.000240615	  0.00265385	  0.00020795	  0.00271648	
           8	           0	       10000	      291584	         132	         130	         128	 0.000102231	   0.0013787	 0.000102836	  0.00138604	
          16	           0	       10000	      154368	         132	         130	         128	 5.66238e-05	  0.00073191	 5.67092e-05	 0.000734699	
          32	           0	       10000	       85760	         132	         130	         128	 2.85214e-05	  0.00040333	 2.84758e-05	 0.000406378	
