====
Starting job 2991945 at Fri 26 Feb 10:24:06 GMT 2021 for user dc-park1.
Running on nodes: b102
====
mpiexec

------------------------------------------------
Case legend
------------------------------------------------
       Case 0.	C loop
       Case 1.	Nested loop
       Case 2.	C loop repeat
       Case 3.	Region (serial)

      Nprocs	    Nthreads	   Num_loops	  Local grid	 Nx (global)	 Ny (global)	 Nz (global)	       Case 0	       Case 1	       Case 2	       Case 3	
           1	           0	       10000	          96	           4	           6	           4	 2.19011e-08	 5.25402e-07	 2.21977e-08	 5.49106e-07	
           1	           0	       10000	         640	           8	          10	           8	 1.45155e-07	 3.13282e-06	 1.45798e-07	 3.11851e-06	
           1	           0	       10000	        4608	          16	          18	          16	 1.13811e-06	 2.54338e-05	 1.13395e-06	 2.18999e-05	
           1	           0	       10000	       34816	          32	          34	          32	 9.39849e-06	  0.00017339	 9.44683e-06	 0.000165196	
           1	           0	       10000	      270336	          64	          66	          64	 8.15553e-05	  0.00130113	 8.13679e-05	  0.00128486	
           1	           0	       10000	     2129920	         128	         130	         128	  0.00186704	   0.0100595	  0.00186695	   0.0100969	

------------------------------------------------
Case legend
------------------------------------------------
       Case 0.	C loop
       Case 1.	Nested loop
       Case 2.	C loop repeat
       Case 3.	Region (serial)

      Nprocs	    Nthreads	   Num_loops	  Local grid	 Nx (global)	 Ny (global)	 Nz (global)	       Case 0	       Case 1	       Case 2	       Case 3	
           1	           0	       10000	     2196480	         132	         130	         128	  0.00200921	   0.0102984	  0.00200544	   0.0104472	
           2	           0	       10000	     1115136	         132	         130	         128	  0.00103741	  0.00528174	  0.00104695	  0.00529469	
           4	           0	       10000	      566016	         132	         130	         128	 0.000228362	  0.00269878	 0.000228306	  0.00270352	
           8	           0	       10000	      291584	         132	         130	         128	  9.6464e-05	  0.00137758	 9.64809e-05	  0.00138371	
          16	           0	       10000	      154368	         132	         130	         128	 5.56043e-05	 0.000730206	 5.56993e-05	  0.00073178	
          32	           0	       10000	       85760	         132	         130	         128	 2.79252e-05	 0.000406659	 2.76575e-05	 0.000407572	
