====
Starting job 2992383 at Fri 26 Feb 15:49:14 GMT 2021 for user dc-park1.
Running on nodes: b102
====
mpiexec

------------------------------------------------
Case legend
------------------------------------------------
       Case 0.	C loop
       Case 1.	Nested loop
       Case 2.	C loop repeat
       Case 3.	Region (serial)

      Nprocs	    Nthreads	   Num_loops	  Local grid	 Nx (global)	 Ny (global)	 Nz (global)	       Case 0	       Case 1	       Case 2	       Case 3	
           1	           0	       10000	          96	           4	           6	           4	  2.1875e-08	 6.09226e-07	 2.18691e-08	 1.10521e-07	
           1	           0	       10000	         640	           8	          10	           8	 1.45686e-07	 3.74678e-06	 1.45644e-07	 2.66313e-07	
           1	           0	       10000	        4608	          16	          18	          16	 1.13043e-06	 2.80448e-05	 1.14338e-06	 1.68308e-06	
           1	           0	       10000	       34816	          32	          34	          32	 9.58603e-06	 0.000204378	 9.49933e-06	 1.20251e-05	
           1	           0	       10000	      270336	          64	          66	          64	 8.86083e-05	  0.00154013	 8.84609e-05	 0.000116307	
           1	           0	       10000	     2129920	         128	         130	         128	  0.00187353	   0.0119258	  0.00186846	  0.00191653	

------------------------------------------------
Case legend
------------------------------------------------
       Case 0.	C loop
       Case 1.	Nested loop
       Case 2.	C loop repeat
       Case 3.	Region (serial)

      Nprocs	    Nthreads	   Num_loops	  Local grid	 Nx (global)	 Ny (global)	 Nz (global)	       Case 0	       Case 1	       Case 2	       Case 3	
           1	           0	       10000	     2196480	         132	         130	         128	  0.00198832	   0.0122892	  0.00197818	  0.00203325	
           2	           0	       10000	     1115136	         132	         130	         128	  0.00104556	   0.0062636	  0.00104479	  0.00104456	
           4	           0	       10000	      566016	         132	         130	         128	 0.000204099	  0.00317994	 0.000203836	 0.000266968	
           8	           0	       10000	      291584	         132	         130	         128	 0.000105634	  0.00163863	 0.000106033	 0.000135815	
          16	           0	       10000	      154368	         132	         130	         128	 5.09615e-05	 0.000867302	 5.10179e-05	 6.30556e-05	
          32	           0	       10000	       85760	         132	         130	         128	 2.94497e-05	 0.000480108	  2.9644e-05	 3.57431e-05	
